<?xml version="1.0" encoding="UTF-8"?>
<testng-results skipped="0" failed="0" ignored="0" total="1" passed="1">
  <reporter-output>
  </reporter-output>
  <suite name="Default suite" duration-ms="3337" started-at="2024-07-10T18:04:29Z" finished-at="2024-07-10T18:04:32Z">
    <groups>
    </groups>
    <test name="Default test" duration-ms="3337" started-at="2024-07-10T18:04:29Z" finished-at="2024-07-10T18:04:32Z">
      <class name="cognizant.test.SauseLogin">
        <test-method status="PASS" signature="loginSause()[pri:0, instance:cognizant.test.SauseLogin@1e67a849]" name="loginSause" duration-ms="3320" started-at="2024-07-10T18:04:29Z" finished-at="2024-07-10T18:04:32Z">
          <reporter-output>
          </reporter-output>
        </test-method> <!-- loginSause -->
      </class> <!-- cognizant.test.SauseLogin -->
    </test> <!-- Default test -->
  </suite> <!-- Default suite -->
</testng-results>
